<?xml version="1.0" encoding="UTF-8"?>
<!-- Generated by org.testng.reporters.JUnitReportReporter -->
<testsuite hostname="LIN35004998" name="com.cg.sample.TC001" tests="1" failures="0" timestamp="24 Aug 2018 15:39:43 GMT" time="14.836" errors="0">
  <testcase name="tc1" time="14.836" classname="com.cg.sample.TC001"/>
</testsuite> <!-- com.cg.sample.TC001 -->
